2017-05-18 09:29:26,979 [Worker-0] INFO  c.g.t.t.d.PublishedGradleVersions - Gradle version information cache is out-of-date. Trying to update.
2017-05-18 09:35:51,421 [Worker-6] INFO  o.e.m.c.i.p.ProjectConfigurationManager - Collecting project info '/pom.xml' C:\Users\hardeep.c.kaur\workspace\TestRepo\pom.xml
2017-05-18 09:35:56,698 [Worker-6] INFO  o.e.m.c.i.l.LifecycleMappingFactory - Using org.eclipse.m2e.jdt.JarLifecycleMapping lifecycle mapping for MavenProject: com.hardeepsukhija.cucumber:TestRepo:0.0.1-SNAPSHOT @ C:\Users\hardeep.c.kaur\workspace\TestRepo\pom.xml.
2017-05-18 09:35:58,587 [Worker-6] INFO  o.e.m.j.i.AbstractJavaProjectConfigurator - Adding source folder /TestRepo/src/main/java
2017-05-18 09:35:58,615 [Worker-6] INFO  o.e.m.j.i.AbstractJavaProjectConfigurator - Adding source folder /TestRepo/src/test/java
2017-05-18 09:35:58,981 [Worker-6] INFO  o.e.m.c.i.p.ProjectConfigurationManager - Imported and configured 1 project(s) in 7 sec
2017-05-18 09:36:00,205 [Worker-6] INFO  o.e.m.c.i.embedder.EclipseLogger - Using 'UTF-8' encoding to copy filtered resources.
2017-05-18 09:36:00,207 [Worker-6] INFO  o.e.m.c.i.embedder.EclipseLogger - skip non existing resourceDirectory C:\Users\hardeep.c.kaur\workspace\TestRepo\src\main\resources
2017-05-18 09:36:00,211 [Worker-6] INFO  o.e.m.c.i.embedder.EclipseLogger - Using 'UTF-8' encoding to copy filtered resources.
2017-05-18 09:36:00,212 [Worker-6] INFO  o.e.m.c.i.embedder.EclipseLogger - skip non existing resourceDirectory C:\Users\hardeep.c.kaur\workspace\TestRepo\src\test\resources
2017-05-18 09:37:30,079 [Worker-13] INFO  o.e.m.c.i.l.LifecycleMappingFactory - Using org.eclipse.m2e.jdt.JarLifecycleMapping lifecycle mapping for MavenProject: com.hardeepsukhija.cucumber:TestRepo:0.0.1-SNAPSHOT @ C:\Users\hardeep.c.kaur\workspace\TestRepo\pom.xml.
2017-05-18 09:37:35,046 [Worker-13] INFO  o.e.m.c.i.embedder.EclipseLogger - Using 'UTF-8' encoding to copy filtered resources.
2017-05-18 09:37:35,047 [Worker-13] INFO  o.e.m.c.i.embedder.EclipseLogger - skip non existing resourceDirectory C:\Users\hardeep.c.kaur\workspace\TestRepo\src\main\resources
2017-05-18 09:37:35,055 [Worker-13] INFO  o.e.m.c.i.embedder.EclipseLogger - Using 'UTF-8' encoding to copy filtered resources.
2017-05-18 09:37:35,056 [Worker-13] INFO  o.e.m.c.i.embedder.EclipseLogger - skip non existing resourceDirectory C:\Users\hardeep.c.kaur\workspace\TestRepo\src\test\resources
2017-05-18 09:37:40,196 [Worker-6] INFO  o.e.m.c.i.embedder.EclipseLogger - Using 'UTF-8' encoding to copy filtered resources.
2017-05-18 09:37:40,197 [Worker-6] INFO  o.e.m.c.i.embedder.EclipseLogger - skip non existing resourceDirectory C:\Users\hardeep.c.kaur\workspace\TestRepo\src\main\resources
2017-05-18 09:37:40,200 [Worker-6] INFO  o.e.m.c.i.embedder.EclipseLogger - Using 'UTF-8' encoding to copy filtered resources.
2017-05-18 09:37:40,201 [Worker-6] INFO  o.e.m.c.i.embedder.EclipseLogger - skip non existing resourceDirectory C:\Users\hardeep.c.kaur\workspace\TestRepo\src\test\resources
2017-05-18 09:40:09,390 [Worker-14] INFO  o.e.m.i.launch.MavenLaunchDelegate - C:\Users\hardeep.c.kaur\workspace\TestRepo
2017-05-18 09:40:09,394 [Worker-14] INFO  o.e.m.i.launch.MavenLaunchDelegate -  mvn -B test
2017-05-18 09:40:30,326 [Worker-3] INFO  o.e.m.c.i.embedder.EclipseLogger - Using 'UTF-8' encoding to copy filtered resources.
2017-05-18 09:40:30,327 [Worker-3] INFO  o.e.m.c.i.embedder.EclipseLogger - skip non existing resourceDirectory C:\Users\hardeep.c.kaur\workspace\TestRepo\src\main\resources
